2023-07-01 10:00:00 INFO 应用程序已启动
2023-07-01 10:05:12 INFO 用户登录成功，用户ID: 12345
2023-07-01 10:10:25 WARNING 网络连接不稳定
2023-07-01 10:15:38 ERROR 数据库连接失败: 连接超时
2023-07-01 10:20:51 INFO 尝试重新连接数据库
2023-07-01 10:25:04 INFO 数据库连接恢复
2023-07-01 10:30:17 WARNING 系统负载较高: CPU使用率85%
2023-07-01 10:35:30 ERROR 文件读取失败: 权限被拒绝
2023-07-01 10:40:43 INFO 系统配置已更新
2023-07-01 10:45:56 FATAL 关键服务崩溃: 内存溢出
2023-07-01 10:51:09 INFO 自动重启服务
2023-07-01 10:56:22 INFO 服务已恢复运行
2023-07-01 11:01:35 ERROR Exception in thread "main" java.lang.NullPointerException
   at com.example.myapp.Main.processData(Main.java:35)
   at com.example.myapp.Main.main(Main.java:15)
2023-07-01 11:06:48 INFO 系统状态检查: 正常
2023-07-01 11:12:01 WARNING 磁盘空间不足: 剩余5%
2023-07-01 11:17:14 INFO 启动自动清理程序
2023-07-01 11:22:27 INFO 清理完成，释放了2GB空间
2023-07-01 11:27:40 ERROR 无法访问远程API: 503 Service Unavailable
2023-07-01 11:32:53 INFO 尝试使用备用API
2023-07-01 11:38:06 INFO 操作成功完成 